2025-12-13 19:40:16,119 [     85]   INFO - #c.i.p.i.b.AppStarter - ------------------------------------------------------ IDE STARTED ------------------------------------------------------
2025-12-13 19:40:16,120 [     86]   INFO - #c.i.i.p.PluginManager - Using broken plugins file from IDE distribution
2025-12-13 19:40:16,175 [    141]   INFO - #c.i.u.EnvironmentUtil - loading shell env is skipped: IDE has been launched from a terminal (SHLVL=1)
2025-12-13 19:40:16,212 [    178]   INFO - #c.i.i.p.PluginManager - Plugin PluginDescriptor(name=Groovy, id=org.intellij.groovy, descriptorPath=plugin.xml, path=~/.gradle/caches/modules-2/files-2.1/com.jetbrains.intellij.idea/ideaIC/233.14808.21/ad75f91fc3c2a9d1d7e9b6f65f16294066aa55c0/ideaIC-233.14808.21/plugins/Groovy, version=233.14808.21, package=org.jetbrains.plugins.groovy, isBundled=true) misses optional descriptor duplicates-groovy.xml
2025-12-13 19:40:16,215 [    181]   INFO - #c.i.i.p.PluginManager - Plugin PluginDescriptor(name=Groovy, id=org.intellij.groovy, descriptorPath=plugin.xml, path=~/.gradle/caches/modules-2/files-2.1/com.jetbrains.intellij.idea/ideaIC/233.14808.21/ad75f91fc3c2a9d1d7e9b6f65f16294066aa55c0/ideaIC-233.14808.21/plugins/Groovy, version=233.14808.21, package=org.jetbrains.plugins.groovy, isBundled=true) misses optional descriptor duplicates-detection-groovy.xml
2025-12-13 19:40:16,244 [    210]   INFO - #c.i.u.i.PageCacheUtils - File page caching params:
2025-12-13 19:40:16,246 [    212]   INFO - #c.i.u.i.PageCacheUtils - 	DEFAULT_PAGE_SIZE: 10485760
2025-12-13 19:40:16,259 [    225]   INFO - #c.i.u.i.PageCacheUtils - 	Direct memory to use, max: 2126512128
2025-12-13 19:40:16,259 [    225]   INFO - #c.i.u.i.PageCacheUtils - 	FilePageCache: regular + lock-free (LOCK_FREE_PAGE_CACHE_ENABLED:true)
2025-12-13 19:40:16,261 [    227]   INFO - #c.i.u.i.PageCacheUtils - 	NEW_PAGE_CACHE_MEMORY_FRACTION: 0.20000000298023224
2025-12-13 19:40:16,265 [    231]   INFO - #c.i.u.i.PageCacheUtils - 	Regular FilePageCache: 503316478 bytes
2025-12-13 19:40:16,267 [    233]   INFO - #c.i.u.i.PageCacheUtils - 	New     FilePageCache: 125829122 bytes (+ up to 10.0% overflow)
2025-12-13 19:40:16,269 [    235]   INFO - #c.i.u.i.PageCacheUtils - 	DirectByteBuffers pool: 104857600 bytes
2025-12-13 19:40:16,442 [    408]   INFO - #c.i.i.p.PluginManager - Module intellij.sh.python is not enabled because dependency com.intellij.modules.python is not available
Module intellij.space.gateway is not enabled because dependency com.jetbrains.gateway is not available
Module intellij.space.php is not enabled because dependency com.jetbrains.php is not available
Module intellij.groovy/ant is not enabled because dependency AntSupport is not available
Module intellij.space.index is not enabled because dependency intellij.indexing.shared is not available
Module intellij.qodana.jvm.swagger is not enabled because dependency com.intellij.swagger is not available
Module intellij.qodana.python is not enabled because dependency Pythonid is not available
Module intellij.qodana.php is not enabled because dependency com.jetbrains.php is not available
Module intellij.qodana.js is not enabled because dependency JavaScript is not available
Module intellij.qodana.go is not enabled because dependency intellij.go.coverage is not available
Module intellij.packageChecker.python is not enabled because dependency com.intellij.modules.python is not available
Module intellij.packageChecker.javascript is not enabled because dependency JavaScript is not available
Module intellij.packageChecker.go is not enabled because dependency org.jetbrains.plugins.go is not available
2025-12-13 19:40:16,487 [    453]   INFO - #c.i.i.p.PluginManager - Loaded bundled plugins: Copyright (233.14808.21), GitLab (233.14808.21), IntelliLang (233.14808.21), Gradle (233.14808.21), Markdown (233.14808.21), com.intellij.dev (233.14808.21), intellij.platform.ijent.impl (233.14808.21), Subversion (233.14808.21), Gradle DSL API (233.14808.21), Machine Learning in Search Everywhere (233.14808.21), YAML (233.14808.21), JetBrains Marketplace Licensing (233.14808.21), Code With Me (233.14808.21), JavaFX (233.14808.21), Package Checker (233.14808.21), Bytecode Viewer (233.14808.21), GitHub (233.14808.21), Emoji Picker (233.14808.21), JetBrains Repository Search (233.14808.21), Grazie Lite (233.14808.21), Visual Studio Keymap (233.14808.21), IDEA CORE (233.14808.21), Gradle-Maven (233.14808.21), Java IDE Customization (233.14808.21), Configuration Script (233.14808.21), Toml (233.14808.21), Java Internationalization (233.14808.21), Machine Learning Code Completion (233.14808.21), Java Bytecode Decompiler (233.14808.21), Properties (233.14808.21), HTML Tools (233.14808.21), Git (233.14808.21), Kotlin (233.14808.21-IJ), WebP Support (233.14808.21), Groovy (233.14808.21), Eclipse Interoperability (233.14808.21), Task Management (233.14808.21), TextMate Bundles (233.14808.21), Maven (233.14808.21), Java (233.14808.21), Space (233.14808.21), Gradle-Java (233.14808.21), UI Designer (233.14808.21), Java Stream Debugger (233.14808.21), Shared Indexes (233.14808.21), Maven server api classes (233.14808.21), Qodana (233.14808.21), Terminal (233.14808.21), Gradle-Java-Analysis (233.14808.21), Settings Sync (233.14808.21), Performance Testing (233.14808.21), Code Coverage for Java (233.14808.21), JUnit (233.14808.21), Gradle Dependency Updater Implementation (233.14808.21), JetBrains maven model api classes (233.14808.21), Local Productivity Statistics (233.14808.21), EditorConfig (233.14808.21), IDE Features Trainer (233.14808.21), Perforce Helix Core (233.14808.21), com.intellij.tracing.ide (233.14808.21), Images (233.14808.21), TestNG (233.14808.21), Eclipse Keymap (233.14808.21), NetBeans Keymap (233.14808.21), Async Profiler for IDE Performance Testing (233.14808.21), Turbo Complete (233.14808.21), Shell Script (233.14808.21), Mercurial (233.14808.21)
2025-12-13 19:40:16,489 [    455]   INFO - #c.i.i.p.PluginManager - Loaded custom plugins: PrabhatAI (0.1.0)
2025-12-13 19:40:16,875 [    841]   INFO - #c.i.p.i.b.AppStarter - JNA library (64-bit) loaded in 697 ms
2025-12-13 19:40:16,880 [    846]   INFO - #c.i.p.i.b.AppStarter - IDE: IntelliJ IDEA (build #IC-233.14808.21, Tue, 12 Mar 2024 05:09:00 GMT)
2025-12-13 19:40:16,882 [    848]   INFO - #c.i.p.i.b.AppStarter - OS: Mac OS X (14.8.1)
2025-12-13 19:40:16,883 [    849]   INFO - #c.i.p.i.b.AppStarter - JRE: 17.0.10+1-b1087.21, x86_64 (JetBrains s.r.o.)
2025-12-13 19:40:16,886 [    852]   INFO - #c.i.p.i.b.AppStarter - JVM: 17.0.10+1-b1087.21 (OpenJDK 64-Bit Server VM)
2025-12-13 19:40:16,899 [    865]   INFO - #c.i.p.i.b.AppStarter - PID: 81041
2025-12-13 19:40:17,208 [   1174]   INFO - #c.i.p.i.b.AppStarter - JVM options: [-Daether.connector.resumeDownloads=false, -Dapple.awt.application.appearance=system, -Dapple.awt.fileDialogForDirectories=true, -Dapple.laf.useScreenMenuBar=true, -Didea.auto.reload.plugins=true, -Didea.classpath.index.enabled=false, -Didea.config.path=/Users/prabhatkumar/Desktop/PrabhatAI/build/idea-sandbox/config, -Didea.is.internal=true, -Didea.log.path=/Users/prabhatkumar/Desktop/PrabhatAI/build/idea-sandbox/system/log, -Didea.paths.selector=IdeaIC2023.3, -Didea.platform.prefix=Idea, -Didea.plugin.in.sandbox.mode=true, -Didea.plugins.path=/Users/prabhatkumar/Desktop/PrabhatAI/build/idea-sandbox/plugins, -Didea.required.plugins.id=com.prabhatdevlab.prabhatai, -Didea.smooth.progress=false, -Didea.system.path=/Users/prabhatkumar/Desktop/PrabhatAI/build/idea-sandbox/system, -Didea.vendor.name=JetBrains, -Dintellij.platform.runtime.repository.path=/Users/prabhatkumar/.gradle/caches/modules-2/files-2.1/com.jetbrains.intellij.idea/ideaIC/233.14808.21/ad75f91fc3c2a9d1d7e9b6f65f16294066aa55c0/ideaIC-233.14808.21/modules/module-descriptors.jar, -Djava.system.class.loader=com.intellij.util.lang.PathClassLoader, -Djbr.catch.SIGABRT=true, -Djdk.attach.allowAttachSelf=true, -Djdk.http.auth.tunneling.disabledSchemes="", -Djdk.module.illegalAccess.silent=true, -Djna.boot.library.path=/Users/prabhatkumar/.gradle/caches/modules-2/files-2.1/com.jetbrains.intellij.idea/ideaIC/233.14808.21/ad75f91fc3c2a9d1d7e9b6f65f16294066aa55c0/ideaIC-233.14808.21/lib/jna/amd64, -Djna.noclasspath=true, -Djna.nosys=true, -Dpty4j.preferred.native.folder=/Users/prabhatkumar/.gradle/caches/modules-2/files-2.1/com.jetbrains.intellij.idea/ideaIC/233.14808.21/ad75f91fc3c2a9d1d7e9b6f65f16294066aa55c0/ideaIC-233.14808.21/lib/pty4j, -Dsplash=true, -Dsun.io.useCanonCaches=false, -Dsun.java2d.metal=true, -XX:ReservedCodeCacheSize=512m, -XX:+UseG1GC, -XX:SoftRefLRUPolicyMSPerMB=50, -XX:CICompilerCount=2, -XX:+HeapDumpOnOutOfMemoryError, -XX:-OmitStackTraceInFastThrow, -XX:+IgnoreUnrecognizedVMOptions, -XX:CompileCommand=exclude,com/intellij/openapi/vfs/impl/FilePartNodeRoot,trieDescend, -javaagent:/Users/prabhatkumar/Desktop/PrabhatAI/build/tmp/initializeIntelliJPlugin/coroutines-javaagent.jar, --add-opens=java.base/java.io=ALL-UNNAMED, --add-opens=java.base/java.lang=ALL-UNNAMED, --add-opens=java.base/java.lang.ref=ALL-UNNAMED, --add-opens=java.base/java.lang.reflect=ALL-UNNAMED, --add-opens=java.base/java.net=ALL-UNNAMED, --add-opens=java.base/java.nio=ALL-UNNAMED, --add-opens=java.base/java.nio.charset=ALL-UNNAMED, --add-opens=java.base/java.text=ALL-UNNAMED, --add-opens=java.base/java.time=ALL-UNNAMED, --add-opens=java.base/java.util=ALL-UNNAMED, --add-opens=java.base/java.util.concurrent=ALL-UNNAMED, --add-opens=java.base/java.util.concurrent.atomic=ALL-UNNAMED, --add-opens=java.base/java.util.concurrent.locks=ALL-UNNAMED, --add-opens=java.base/jdk.internal.vm=ALL-UNNAMED, --add-opens=java.base/sun.nio.ch=ALL-UNNAMED, --add-opens=java.base/sun.nio.fs=ALL-UNNAMED, --add-opens=java.base/sun.security.ssl=ALL-UNNAMED, --add-opens=java.base/sun.security.util=ALL-UNNAMED, --add-opens=java.base/sun.net.dns=ALL-UNNAMED, --add-opens=java.desktop/com.apple.eawt=ALL-UNNAMED, --add-opens=java.desktop/com.apple.eawt.event=ALL-UNNAMED, --add-opens=java.desktop/com.apple.laf=ALL-UNNAMED, --add-opens=java.desktop/java.awt=ALL-UNNAMED, --add-opens=java.desktop/java.awt.dnd.peer=ALL-UNNAMED, --add-opens=java.desktop/java.awt.event=ALL-UNNAMED, --add-opens=java.desktop/java.awt.image=ALL-UNNAMED, --add-opens=java.desktop/java.awt.peer=ALL-UNNAMED, --add-opens=java.desktop/java.awt.font=ALL-UNNAMED, --add-opens=java.desktop/javax.swing=ALL-UNNAMED, --add-opens=java.desktop/javax.swing.plaf.basic=ALL-UNNAMED, --add-opens=java.desktop/javax.swing.text.html=ALL-UNNAMED, --add-opens=java.desktop/sun.awt.datatransfer=ALL-UNNAMED, --add-opens=java.desktop/sun.awt.image=ALL-UNNAMED, --add-opens=java.desktop/sun.awt=ALL-UNNAMED, --add-opens=java.desktop/sun.font=ALL-UNNAMED, --add-opens=java.desktop/sun.java2d=ALL-UNNAMED, --add-opens=java.desktop/sun.lwawt=ALL-UNNAMED, --add-opens=java.desktop/sun.lwawt.macosx=ALL-UNNAMED, --add-opens=java.desktop/sun.swing=ALL-UNNAMED, --add-opens=java.desktop/com.sun.java.swing=ALL-UNNAMED, --add-opens=jdk.attach/sun.tools.attach=ALL-UNNAMED, --add-opens=jdk.compiler/com.sun.tools.javac.api=ALL-UNNAMED, --add-opens=jdk.internal.jvmstat/sun.jvmstat.monitor=ALL-UNNAMED, --add-opens=jdk.jdi/com.sun.tools.jdi=ALL-UNNAMED, -Xms128m, -Xmx2048m, -Dfile.encoding=UTF-8, -Duser.country=IN, -Duser.language=en, -Duser.variant, -ea]
2025-12-13 19:40:17,209 [   1175]   INFO - #c.i.p.i.b.AppStarter - args: traverseUI /Users/prabhatkumar/Desktop/PrabhatAI/build/searchableOptions true
2025-12-13 19:40:17,210 [   1176]   INFO - #c.i.p.i.b.AppStarter - library path: /Users/prabhatkumar/Library/Java/Extensions:/Library/Java/Extensions:/Network/Library/Java/Extensions:/System/Library/Java/Extensions:/usr/lib/java:.
2025-12-13 19:40:17,214 [   1180]   INFO - #c.i.p.i.b.AppStarter - boot library path: /Users/prabhatkumar/.gradle/caches/modules-2/files-2.1/com.jetbrains/jbre/jbr_jcef-17.0.10-osx-x64-b1087.21/extracted/jbr_jcef-17.0.10-osx-x64-b1087.21/Contents/Home/lib
2025-12-13 19:40:17,248 [   1214]   INFO - #c.i.p.i.b.AppStarter - locale=en_IN JNU=UTF-8 file.encoding=UTF-8
    idea.config.path=/Users/prabhatkumar/Desktop/PrabhatAI/build/idea-sandbox/config
    idea.system.path=/Users/prabhatkumar/Desktop/PrabhatAI/build/idea-sandbox/system
    idea.plugins.path=/Users/prabhatkumar/Desktop/PrabhatAI/build/idea-sandbox/plugins
    idea.log.path=/Users/prabhatkumar/Desktop/PrabhatAI/build/idea-sandbox/system/log
2025-12-13 19:40:17,255 [   1221]   INFO - #c.i.p.i.b.AppStarter - CPU cores: 8; ForkJoinPool.commonPool: java.util.concurrent.ForkJoinPool@39de0a4b[Running, parallelism = 8, size = 0, active = 0, running = 0, steals = 0, tasks = 0, submissions = 0]; factory: com.intellij.concurrency.IdeaForkJoinWorkerThreadFactory@54376930
2025-12-13 19:40:18,298 [   2264]   INFO - #c.i.a.o.PathMacrosImpl - Loaded path macros: {MAVEN_REPOSITORY=/Users/prabhatkumar/.m2/repository}
2025-12-13 19:40:18,460 [   2426]   INFO - #c.i.o.v.n.p.PersistentFSLoader - VFS uses 'fast' names enumerator (over mmapped file)
2025-12-13 19:40:18,475 [   2441]   INFO - #c.i.o.v.n.p.PersistentFSLoader - VFS uses content hash storage over mmapped file
2025-12-13 19:40:18,461 [   2427]   INFO - #c.i.o.v.n.p.PersistentFSLoader - VFS uses content storage over new FilePageCache
2025-12-13 19:40:18,460 [   2426]   INFO - #c.i.o.v.n.p.PersistentFSLoader - VFS uses streamlined attributes storage (over mmapped file)
2025-12-13 19:40:18,859 [   2825]   WARN - #c.i.u.n.s.ConfirmingTrustManager - Received an empty list of custom trusted root certificates from the system. Check log above for possible errors, enable debug logging in category 'org.jetbrains.nativecerts' for more information
2025-12-13 19:40:18,865 [   2831]   INFO - #c.i.u.n.s.CertificateManager - Default SSL context initialized
2025-12-13 19:40:18,941 [   2907]   INFO - #c.j.r.p.c.h.S.S.T - Start Wire Storage check: Check Wire Buffer Size
2025-12-13 19:40:19,063 [   3029]   INFO - #c.i.o.v.n.p.PersistentFSLoader - VFS: impl (expected) version=846656, 0 file records, 0 content blobs
2025-12-13 19:40:19,079 [   3045]   INFO - #c.i.o.v.n.p.FSRecordsImpl - VFS scanned: file-by-name index was populated
2025-12-13 19:40:19,086 [   3052]   INFO - #c.i.o.v.n.p.FSRecordsImpl - VFS initialized: 667 ms, 0 failed attempts, 0 error(s) were recovered
2025-12-13 19:40:19,429 [   3395]   INFO - #JetprofileSource - No valid license found
2025-12-13 19:40:19,458 [   3424]   INFO - #c.i.o.v.n.p.FSRecords - VFS health-check enabled: first after 600000 ms, and each following 43200000 ms
2025-12-13 19:40:19,468 [   3434]   WARN - #c.i.s.ComponentManagerImpl - `preload=true` must be used only for core services (service=com.intellij.ae.database.core.baseEvents.fus.AddStatisticsEventLogListenerTemporary, plugin=com.jetbrains.ae.database)
2025-12-13 19:40:19,470 [   3436]   WARN - #c.i.s.ComponentManagerImpl - `preload=true` must be used only for core services (service=com.jetbrains.rdserver.statistics.BackendStatisticsManager, plugin=com.jetbrains.codeWithMe)
2025-12-13 19:40:19,509 [   3475]   INFO - #c.i.i.p.ExpiredPluginsState - Plugins to skip: []
2025-12-13 19:40:19,754 [   3720]   INFO - #o.j.i.BuiltInServerManager - built-in server started, port 63343
2025-12-13 19:40:20,072 [   4038]   WARN - #c.i.s.ComponentManagerImpl - com.intellij.psi.search.FilenameIndex initializer requests com.intellij.ide.plugins.PluginUtil instance
2025-12-13 19:40:20,101 [   4067]   INFO - #c.i.o.v.i.l.NativeFileWatcherImpl - Native file watcher is disabled
2025-12-13 19:40:20,212 [   4178]   INFO - #c.i.i.s.p.i.SharedIndexMainZipStorage - Shared Indexes Storage is opened and empty
2025-12-13 19:40:20,814 [   4780]   INFO - #c.i.u.i.FileBasedIndexImpl - Indices to be built:JavaFxControllerClassIndex(v = 1),bytecodeAnalysis(v = 11),org.jetbrains.kotlin.idea.vfilefinder.KotlinShortClassNameFileIndex(v = 3),java.null.method.argument(v = 1),TodoIndex(v = 13),HtmlTagIdIndex(v = 3),org.jetbrains.kotlin.idea.vfilefinder.KotlinClassFileIndex(v = 3),org.jetbrains.kotlin.idea.vfilefinder.KlibMetaFileIndex(v = 4),org.jetbrains.kotlin.idea.vfilefinder.KotlinPartialPackageNamesIndex(v = 5),java.fun.expression(v = 6),org.jetbrains.kotlin.idea.vfilefinder.KotlinJvmModuleAnnotationsIndex(v = 1),Trigram.Index(v = 4),org.jetbrains.kotlin.idea.vfilefinder.KotlinStdlibIndex(v = 1),DomFileIndex(v = 0),json.file.root.values(v = 5),com.intellij.uiDesigner.FormClassIndex(v = 0),filetypes(v = 4096),org.jetbrains.kotlin.idea.vfilefinder.KotlinModuleMappingIndex(v = 5),XmlTagNames(v = 1),javafx.custom.component(v = 2),XmlNamespaces(v = 8),editorconfig.index.name(v = 5),org.jetbrains.kotlin.idea.base.indices.names.KotlinTopLevelCallableByPackageShortNameIndex(v = 3),org.jetbrains.kotlin.idea.base.indices.names.KotlinTopLevelClassLikeDeclarationByPackageShortNameIndex(v = 3),org.jetbrains.kotlin.idea.vfilefinder.KotlinMetadataFilePackageIndex(v = 2),xmlProperties(v = 2),java.binary.plus.expression(v = 4),javafx.id.name(v = 3),html5.custom.attributes.index(v = 1),org.jetbrains.kotlin.idea.vfilefinder.KotlinMetadataFileIndex(v = 2),IdIndex(v = 22),FrameworkDetectionIndex(v = 65536),fileIncludes(v = 6),SchemaTypeInheritance(v = 2),org.jetbrains.kotlin.idea.versions.KotlinJsMetadataVersionIndex(v = 3),java.auto.module.name(v = 6),java.source.module.name(v = 4),org.jetbrains.kotlin.idea.vfilefinder.KotlinPackageSourcesMemberNamesIndex(v = 2),yaml.keys.name(v = 1),Stubs(v = 46),RelaxSymbolIndex(v = 0),org.jetbrains.kotlin.idea.vfilefinder.KotlinJavaScriptMetaFileIndex(v = 4),org.jetbrains.kotlin.idea.versions.KotlinJvmMetadataVersionIndex(v = 5),org.jetbrains.kotlin.idea.vfilefinder.KotlinBuiltInsMetadataIndex(v = 4),FilenameIndex(v = 258)
2025-12-13 19:40:20,830 [   4796]   INFO - #c.i.u.i.FileBasedIndexImpl - Using nice flusher for indexes
2025-12-13 19:40:20,847 [   4813]   INFO - #c.i.u.i.IndexDataInitializer - Index data initialization done: 773 ms. Initialized indexes: [FilenameIndex, filetypes, Trigram.Index, fileIncludes, RelaxSymbolIndex, DomFileIndex, FrameworkDetectionIndex, TodoIndex, IdIndex, html5.custom.attributes.index, XmlTagNames, json.file.root.values, XmlNamespaces, editorconfig.index.name, SchemaTypeInheritance, java.auto.module.name, HtmlTagIdIndex, xmlProperties, java.null.method.argument, java.fun.expression, java.binary.plus.expression, java.source.module.name, bytecodeAnalysis, JavaFxControllerClassIndex, yaml.keys.name, javafx.id.name, org.jetbrains.kotlin.idea.vfilefinder.KotlinPartialPackageNamesIndex, javafx.custom.component, org.jetbrains.kotlin.idea.versions.KotlinJsMetadataVersionIndex, org.jetbrains.kotlin.idea.vfilefinder.KotlinJavaScriptMetaFileIndex, org.jetbrains.kotlin.idea.vfilefinder.KotlinClassFileIndex, org.jetbrains.kotlin.idea.versions.KotlinJvmMetadataVersionIndex, Stubs, org.jetbrains.kotlin.idea.vfilefinder.KotlinPackageSourcesMemberNamesIndex, org.jetbrains.kotlin.idea.vfilefinder.KotlinBuiltInsMetadataIndex, org.jetbrains.kotlin.idea.vfilefinder.KotlinMetadataFilePackageIndex, org.jetbrains.kotlin.idea.vfilefinder.KotlinJvmModuleAnnotationsIndex, org.jetbrains.kotlin.idea.vfilefinder.KotlinStdlibIndex, org.jetbrains.kotlin.idea.vfilefinder.KotlinModuleMappingIndex, org.jetbrains.kotlin.idea.vfilefinder.KotlinMetadataFileIndex, org.jetbrains.kotlin.idea.base.indices.names.KotlinTopLevelCallableByPackageShortNameIndex, org.jetbrains.kotlin.idea.vfilefinder.KotlinShortClassNameFileIndex, org.jetbrains.kotlin.idea.vfilefinder.KlibMetaFileIndex, org.jetbrains.kotlin.idea.base.indices.names.KotlinTopLevelClassLikeDeclarationByPackageShortNameIndex, com.intellij.uiDesigner.FormClassIndex].
2025-12-13 19:40:21,195 [   5161]   INFO - #c.i.p.s.StubIndexImpl - Following stub indices will be built:org.jetbrains.kotlin.idea.stubindex.KotlinClassShortNameIndex(v = 2),org.jetbrains.kotlin.idea.stubindex.KotlinSubclassObjectNameIndex(v = 2),org.jetbrains.kotlin.idea.stubindex.KotlinTopLevelTypeAliasByPackageIndex(v = 2),org.jetbrains.kotlin.idea.stubindex.KotlinMultifileClassPartIndex(v = 2),java.module.name(v = 4),jvm.static.member.name(v = 2),java.field.name(v = 2),markdown.header(v = 2),org.jetbrains.kotlin.idea.stubindex.KotlinSuperClassIndex(v = 2),org.jetbrains.kotlin.idea.stubindex.KotlinTopLevelPropertyByPackageIndex(v = 2),org.jetbrains.kotlin.idea.stubindex.KotlinExtensionsInObjectsByReceiverTypeIndex(v = 2),gr.class.fqn.s(v = 5),org.jetbrains.kotlin.idea.stubindex.KotlinProbablyNothingPropertyShortNameIndex(v = 2),org.jetbrains.kotlin.idea.stubindex.KotlinExactPackagesIndex(v = 2),org.jetbrains.kotlin.idea.stubindex.KotlinFunctionShortNameIndex(v = 2),org.jetbrains.kotlin.idea.stubindex.KotlinTypeAliasShortNameIndex(v = 2),org.jetbrains.kotlin.idea.stubindex.KotlinScriptFqnIndex(v = 2),kotlin.primeIndexKey(v = 2),org.jetbrains.kotlin.idea.stubindex.KotlinJvmNameAnnotationIndex(v = 2),gr.method.name(v = 5),markdown.header.anchor(v = 2),java.class.extlist(v = 3),org.jetbrains.kotlin.idea.stubindex.KotlinTopLevelTypeAliasFqNameIndex(v = 2),gr.script.fqn.s(v = 5),org.jetbrains.kotlin.idea.stubindex.KotlinFileFacadeFqNameIndex(v = 2),gr.script.class(v = 5),properties.index(v = 2),org.jetbrains.kotlin.idea.stubindex.KotlinProbablyNothingFunctionShortNameIndex(v = 2),java.method.parameter.types(v = 3),org.jetbrains.kotlin.idea.stubindex.KotlinTopLevelExtensionsByReceiverTypeIndex(v = 3),dom.namespaceKey(v = 1),org.jetbrains.kotlin.idea.stubindex.KotlinFilePartClassIndex(v = 2),org.jetbrains.kotlin.idea.stubindex.KotlinTopLevelPropertyFqnNameIndex(v = 2),org.jetbrains.kotlin.idea.stubindex.KotlinOverridableInternalMembersShortNameIndex(v = 2),dom.elementClass(v = 0),gr.anonymous.class(v = 6),jvm.static.member.type(v = 2),org.jetbrains.kotlin.idea.stubindex.KotlinPropertyShortNameIndex(v = 2),gr.annot.method.name(v = 5),java.anonymous.baseref(v = 2),java.annotations(v = 2),gr.class.super(v = 5),java.method.name(v = 2),java.unnamed.class(v = 2),org.jetbrains.kotlin.idea.stubindex.KotlinTypeAliasByExpansionShortNameIndex(v = 2),org.jetbrains.kotlin.idea.stubindex.KotlinTopLevelFunctionByPackageIndex(v = 2),org.jetbrains.kotlin.idea.stubindex.KotlinProbablyContractedFunctionShortNameIndex(v = 2),gr.annot.members(v = 5),org.jetbrains.kotlin.idea.stubindex.KotlinTopLevelFunctionFqnNameIndex(v = 2),org.jetbrains.kotlin.idea.stubindex.KotlinFileFacadeShortNameIndex(v = 2),java.class.fqn(v = 1),org.jetbrains.kotlin.idea.stubindex.KotlinTopLevelClassByPackageIndex(v = 2),org.jetbrains.kotlin.idea.stubindex.KotlinFileFacadeClassByPackageIndex(v = 2),java.class.shortname(v = 4),org.jetbrains.kotlin.idea.stubindex.KotlinInnerTypeAliasClassIdIndex(v = 2),org.jetbrains.kotlin.idea.stubindex.KotlinFullClassNameIndex(v = 2),org.jetbrains.kotlin.idea.stubindex.KotlinAnnotationsIndex(v = 3),gr.field.name(v = 5)
2025-12-13 19:40:21,200 [   5166]   INFO - #c.i.u.i.IndexDataInitializer - Index data initialization done: 351 ms. Initialized stub indexes: {gr.annot.method.name, org.jetbrains.kotlin.idea.stubindex.KotlinExtensionsInObjectsByReceiverTypeIndex, org.jetbrains.kotlin.idea.stubindex.KotlinFilePartClassIndex, gr.annot.members, org.jetbrains.kotlin.idea.stubindex.KotlinTopLevelPropertyByPackageIndex, gr.field.name, java.class.shortname, org.jetbrains.kotlin.idea.stubindex.KotlinTopLevelClassByPackageIndex, org.jetbrains.kotlin.idea.stubindex.KotlinExactPackagesIndex, markdown.header, org.jetbrains.kotlin.idea.stubindex.KotlinOverridableInternalMembersShortNameIndex, org.jetbrains.kotlin.idea.stubindex.KotlinTypeAliasShortNameIndex, properties.index, org.jetbrains.kotlin.idea.stubindex.KotlinAnnotationsIndex, kotlin.primeIndexKey, org.jetbrains.kotlin.idea.stubindex.KotlinFullClassNameIndex, org.jetbrains.kotlin.idea.stubindex.KotlinSubclassObjectNameIndex, gr.script.class, org.jetbrains.kotlin.idea.stubindex.KotlinFileFacadeFqNameIndex, dom.namespaceKey, org.jetbrains.kotlin.idea.stubindex.KotlinInnerTypeAliasClassIdIndex, org.jetbrains.kotlin.idea.stubindex.KotlinProbablyContractedFunctionShortNameIndex, gr.method.name, java.class.fqn, org.jetbrains.kotlin.idea.stubindex.KotlinProbablyNothingFunctionShortNameIndex, java.class.extlist, org.jetbrains.kotlin.idea.stubindex.KotlinProbablyNothingPropertyShortNameIndex, org.jetbrains.kotlin.idea.stubindex.KotlinJvmNameAnnotationIndex, org.jetbrains.kotlin.idea.stubindex.KotlinTypeAliasByExpansionShortNameIndex, org.jetbrains.kotlin.idea.stubindex.KotlinFileFacadeShortNameIndex, java.method.name, gr.script.fqn.s, java.anonymous.baseref, org.jetbrains.kotlin.idea.stubindex.KotlinTopLevelTypeAliasByPackageIndex, org.jetbrains.kotlin.idea.stubindex.KotlinTopLevelTypeAliasFqNameIndex, org.jetbrains.kotlin.idea.stubindex.KotlinScriptFqnIndex, org.jetbrains.kotlin.idea.stubindex.KotlinTopLevelFunctionFqnNameIndex, dom.elementClass, java.annotations, org.jetbrains.kotlin.idea.stubindex.KotlinTopLevelPropertyFqnNameIndex, java.field.name, gr.anonymous.class, jvm.static.member.name, markdown.header.anchor, java.module.name, gr.class.super, java.method.parameter.types, gr.class.fqn.s, org.jetbrains.kotlin.idea.stubindex.KotlinTopLevelExtensionsByReceiverTypeIndex, org.jetbrains.kotlin.idea.stubindex.KotlinSuperClassIndex, org.jetbrains.kotlin.idea.stubindex.KotlinPropertyShortNameIndex, org.jetbrains.kotlin.idea.stubindex.KotlinTopLevelFunctionByPackageIndex, jvm.static.member.type, org.jetbrains.kotlin.idea.stubindex.KotlinClassShortNameIndex, java.unnamed.class, org.jetbrains.kotlin.idea.stubindex.KotlinMultifileClassPartIndex, org.jetbrains.kotlin.idea.stubindex.KotlinFileFacadeClassByPackageIndex, org.jetbrains.kotlin.idea.stubindex.KotlinFunctionShortNameIndex}.
2025-12-13 19:40:22,677 [   6643]   WARN - #c.i.s.ComponentManagerImpl - org.zmlx.hg4idea.provider.HgChangeProvider initializer requests com.intellij.openapi.vcs.FileStatusFactory instance
2025-12-13 19:40:25,144 [   9110]   INFO - #c.i.i.p.n.PluginsGroupComponentWithProgress - Marketplace tab: loading stopped
2025-12-13 19:40:25,196 [   9162]   INFO - #c.i.i.p.PluginManagerConfigurable - Marketplace tab: 'Staff Picks' group load started
2025-12-13 19:40:25,519 [   9485]   INFO - #c.i.i.p.PluginManagerConfigurable - Marketplace tab: 'Staff Picks' group load finished
2025-12-13 19:40:25,520 [   9486]   INFO - #c.i.i.p.PluginManagerConfigurable - Marketplace tab: 'New and Updated' group load started
2025-12-13 19:40:25,784 [   9750]   INFO - #c.i.i.p.PluginManagerConfigurable - Marketplace tab: 'New and Updated' group load finished
2025-12-13 19:40:25,792 [   9758]   INFO - #c.i.i.p.PluginManagerConfigurable - Marketplace tab: 'Top Downloads' group load started
2025-12-13 19:40:26,167 [  10133]   INFO - #c.i.i.p.PluginManagerConfigurable - Marketplace tab: 'Top Downloads' group load finished
2025-12-13 19:40:26,169 [  10135]   INFO - #c.i.i.p.PluginManagerConfigurable - Marketplace tab: 'Top Rated' group load started
2025-12-13 19:40:26,515 [  10481]   INFO - #c.i.i.p.PluginManagerConfigurable - Marketplace tab: 'Top Rated' group load finished
2025-12-13 19:40:28,301 [  12267]   WARN - #c.i.s.ComponentManagerImpl - com.intellij.codeInsight.daemon.LineMarkerProviders initializer requests com.intellij.codeInsight.daemon.LineMarkerProviders instance
2025-12-13 19:40:30,237 [  14203]   INFO - #c.i.o.a.i.NonBlockingReadActionImpl - OTel monitoring for NonBlockingReadAction is enabled
2025-12-13 19:40:32,356 [  16322]   WARN - #c.i.s.ComponentManagerImpl - com.intellij.psi.LanguageSubstitutors initializer requests com.intellij.psi.LanguageSubstitutors instance
2025-12-13 19:40:36,543 [  20509]   INFO - #c.i.r.OsRegistryConfigProvider - Looking for 'lobbyServerUrl' value in [/Library/Application Support/JetBrains/CodeWithMe/lobbyServerUrl, /Library/Application Support/JetBrains/CodeWithMe/config.json, /Users/prabhatkumar/Library/Application Support/JetBrains/CodeWithMe/lobbyServerUrl, /Users/prabhatkumar/Library/Application Support/JetBrains/CodeWithMe/config.json]
2025-12-13 19:40:36,550 [  20516]   INFO - #c.i.r.OsRegistryConfigProvider - OS provided value for 'lobbyServerUrl' is not found
2025-12-13 19:40:36,554 [  20520]   INFO - #c.j.r.p.c.u.CodeWithMeSystemSettings - Setting default value='https://code-with-me.jetbrains.com'
2025-12-13 19:40:36,586 [  20552]   INFO - #c.i.r.OsRegistryConfigProvider - Looking for 'lobbyServerUrl' value in [/Library/Application Support/JetBrains/CodeWithMe/lobbyServerUrl, /Library/Application Support/JetBrains/CodeWithMe/config.json, /Users/prabhatkumar/Library/Application Support/JetBrains/CodeWithMe/lobbyServerUrl, /Users/prabhatkumar/Library/Application Support/JetBrains/CodeWithMe/config.json]
2025-12-13 19:40:36,587 [  20553]   INFO - #c.i.r.OsRegistryConfigProvider - OS provided value for 'lobbyServerUrl' is not found
2025-12-13 19:40:36,588 [  20554]   INFO - #c.j.r.p.c.u.CodeWithMeSystemSettings - Setting default value='https://code-with-me.jetbrains.com'
2025-12-13 19:40:37,230 [  21196]   WARN - #c.i.s.ComponentManagerImpl - com.intellij.psi.codeStyle.CodeStyleSettingsCustomizable initializer requests com.intellij.util.LocaleSensitiveApplicationCacheService instance
2025-12-13 19:40:40,623 [  24589]   WARN - #c.i.u.j.JBCefApp - JCEF is manually disabled in headless env via 'ide.browser.jcef.headless.enabled=false'
2025-12-13 19:40:40,666 [  24632]   INFO - #org.intellij.plugins.markdown.settings.MarkdownSettings - Migrating Markdown settings
2025-12-13 19:40:43,295 [  27261]   INFO - STDOUT - Found 206 configurables
2025-12-13 19:40:43,504 [  27470]   INFO - #c.i.i.p.n.PluginsGroupComponentWithProgress - Marketplace tab: loading stopped
2025-12-13 19:40:46,276 [  30242]   INFO - STDOUT - Output written to /Users/prabhatkumar/Desktop/PrabhatAI/build/searchableOptions/textmate.jar/search/textmate.jar.searchableOptions.xml
2025-12-13 19:40:46,282 [  30248]   INFO - STDOUT - Output written to /Users/prabhatkumar/Desktop/PrabhatAI/build/searchableOptions/instrumented-PrabhatAI-0.1.0.jar/search/instrumented-PrabhatAI-0.1.0.jar.searchableOptions.xml
2025-12-13 19:40:46,299 [  30265]   INFO - STDOUT - Output written to /Users/prabhatkumar/Desktop/PrabhatAI/build/searchableOptions/markdown.jar/search/markdown.jar.searchableOptions.xml
2025-12-13 19:40:46,301 [  30267]   INFO - STDOUT - Output written to /Users/prabhatkumar/Desktop/PrabhatAI/build/searchableOptions/IntelliLang.jar/search/IntelliLang.jar.searchableOptions.xml
2025-12-13 19:40:46,310 [  30276]   INFO - STDOUT - Output written to /Users/prabhatkumar/Desktop/PrabhatAI/build/searchableOptions/eclipse.jar/search/eclipse.jar.searchableOptions.xml
2025-12-13 19:40:46,315 [  30281]   INFO - STDOUT - Output written to /Users/prabhatkumar/Desktop/PrabhatAI/build/searchableOptions/tasks-core.jar/search/tasks-core.jar.searchableOptions.xml
2025-12-13 19:40:46,317 [  30283]   INFO - STDOUT - Output written to /Users/prabhatkumar/Desktop/PrabhatAI/build/searchableOptions/sh.jar/search/sh.jar.searchableOptions.xml
2025-12-13 19:40:46,319 [  30285]   INFO - STDOUT - Output written to /Users/prabhatkumar/Desktop/PrabhatAI/build/searchableOptions/java-coverage.jar/search/java-coverage.jar.searchableOptions.xml
2025-12-13 19:40:46,320 [  30286]   INFO - STDOUT - Output written to /Users/prabhatkumar/Desktop/PrabhatAI/build/searchableOptions/java-impl.jar!/search/java-impl.jar!.searchableOptions.xml
2025-12-13 19:40:46,320 [  30286]   INFO - STDOUT - Output written to /Users/prabhatkumar/Desktop/PrabhatAI/build/searchableOptions/javaFX.jar!/search/javaFX.jar!.searchableOptions.xml
2025-12-13 19:40:46,321 [  30287]   INFO - STDOUT - Output written to /Users/prabhatkumar/Desktop/PrabhatAI/build/searchableOptions/searchEverywhereMl.jar/search/searchEverywhereMl.jar.searchableOptions.xml
2025-12-13 19:40:46,321 [  30287]   INFO - STDOUT - Output written to /Users/prabhatkumar/Desktop/PrabhatAI/build/searchableOptions/idea-junit.jar!/search/idea-junit.jar!.searchableOptions.xml
2025-12-13 19:40:46,322 [  30288]   INFO - STDOUT - Output written to /Users/prabhatkumar/Desktop/PrabhatAI/build/searchableOptions/uiDesigner.jar/search/uiDesigner.jar.searchableOptions.xml
2025-12-13 19:40:46,323 [  30289]   INFO - STDOUT - Output written to /Users/prabhatkumar/Desktop/PrabhatAI/build/searchableOptions/javaFX.jar/search/javaFX.jar.searchableOptions.xml
2025-12-13 19:40:46,324 [  30290]   INFO - STDOUT - Output written to /Users/prabhatkumar/Desktop/PrabhatAI/build/searchableOptions/dev.jar/search/dev.jar.searchableOptions.xml
2025-12-13 19:40:46,325 [  30291]   INFO - STDOUT - Output written to /Users/prabhatkumar/Desktop/PrabhatAI/build/searchableOptions/space.jar/search/space.jar.searchableOptions.xml
2025-12-13 19:40:46,328 [  30294]   INFO - STDOUT - Output written to /Users/prabhatkumar/Desktop/PrabhatAI/build/searchableOptions/cwm-plugin-terminal.jar/search/cwm-plugin-terminal.jar.searchableOptions.xml
2025-12-13 19:40:46,330 [  30296]   INFO - STDOUT - Output written to /Users/prabhatkumar/Desktop/PrabhatAI/build/searchableOptions/vcs-svn.jar/search/vcs-svn.jar.searchableOptions.xml
2025-12-13 19:40:46,331 [  30297]   INFO - STDOUT - Output written to /Users/prabhatkumar/Desktop/PrabhatAI/build/searchableOptions/byteCodeViewer.jar/search/byteCodeViewer.jar.searchableOptions.xml
2025-12-13 19:40:46,331 [  30297]   INFO - STDOUT - Output written to /Users/prabhatkumar/Desktop/PrabhatAI/build/searchableOptions/testng-plugin.jar!/search/testng-plugin.jar!.searchableOptions.xml
2025-12-13 19:40:46,332 [  30298]   INFO - STDOUT - Output written to /Users/prabhatkumar/Desktop/PrabhatAI/build/searchableOptions/marketplace.jar/search/marketplace.jar.searchableOptions.xml
2025-12-13 19:40:46,336 [  30302]   INFO - STDOUT - Output written to /Users/prabhatkumar/Desktop/PrabhatAI/build/searchableOptions/maven.jar/search/maven.jar.searchableOptions.xml
2025-12-13 19:40:46,339 [  30305]   INFO - STDOUT - Output written to /Users/prabhatkumar/Desktop/PrabhatAI/build/searchableOptions/copyright.jar/search/copyright.jar.searchableOptions.xml
2025-12-13 19:40:46,343 [  30309]   INFO - STDOUT - Output written to /Users/prabhatkumar/Desktop/PrabhatAI/build/searchableOptions/maven.jar!/search/maven.jar!.searchableOptions.xml
2025-12-13 19:40:46,348 [  30314]   INFO - STDOUT - Output written to /Users/prabhatkumar/Desktop/PrabhatAI/build/searchableOptions/Groovy.jar/search/Groovy.jar.searchableOptions.xml
2025-12-13 19:40:46,351 [  30317]   INFO - STDOUT - Output written to /Users/prabhatkumar/Desktop/PrabhatAI/build/searchableOptions/terminal.jar/search/terminal.jar.searchableOptions.xml
2025-12-13 19:40:46,354 [  30320]   INFO - STDOUT - Output written to /Users/prabhatkumar/Desktop/PrabhatAI/build/searchableOptions/gradle-java.jar/search/gradle-java.jar.searchableOptions.xml
2025-12-13 19:40:46,355 [  30321]   INFO - STDOUT - Output written to /Users/prabhatkumar/Desktop/PrabhatAI/build/searchableOptions/performanceTesting-async.jar/search/performanceTesting-async.jar.searchableOptions.xml
2025-12-13 19:40:46,356 [  30322]   INFO - STDOUT - Output written to /Users/prabhatkumar/Desktop/PrabhatAI/build/searchableOptions/properties.jar/search/properties.jar.searchableOptions.xml
2025-12-13 19:40:46,363 [  30329]   INFO - STDOUT - Output written to /Users/prabhatkumar/Desktop/PrabhatAI/build/searchableOptions/java-impl.jar/search/java-impl.jar.searchableOptions.xml
2025-12-13 19:40:46,419 [  30385]   INFO - STDOUT - Output written to /Users/prabhatkumar/Desktop/PrabhatAI/build/searchableOptions/app-client.jar/search/app-client.jar.searchableOptions.xml
2025-12-13 19:40:46,425 [  30391]   INFO - STDOUT - Output written to /Users/prabhatkumar/Desktop/PrabhatAI/build/searchableOptions/html-tools.jar/search/html-tools.jar.searchableOptions.xml
2025-12-13 19:40:46,429 [  30395]   INFO - STDOUT - Output written to /Users/prabhatkumar/Desktop/PrabhatAI/build/searchableOptions/vcs-perforce.jar/search/vcs-perforce.jar.searchableOptions.xml
2025-12-13 19:40:46,429 [  30395]   INFO - STDOUT - Output written to /Users/prabhatkumar/Desktop/PrabhatAI/build/searchableOptions/java-debugger-streams.jar/search/java-debugger-streams.jar.searchableOptions.xml
2025-12-13 19:40:46,430 [  30396]   INFO - STDOUT - Output written to /Users/prabhatkumar/Desktop/PrabhatAI/build/searchableOptions/gradle.jar/search/gradle.jar.searchableOptions.xml
2025-12-13 19:40:46,433 [  30399]   INFO - STDOUT - Output written to /Users/prabhatkumar/Desktop/PrabhatAI/build/searchableOptions/testng-plugin.jar/search/testng-plugin.jar.searchableOptions.xml
2025-12-13 19:40:46,433 [  30399]   INFO - STDOUT - Output written to /Users/prabhatkumar/Desktop/PrabhatAI/build/searchableOptions/grazie.jar/search/grazie.jar.searchableOptions.xml
2025-12-13 19:40:46,434 [  30400]   INFO - STDOUT - Output written to /Users/prabhatkumar/Desktop/PrabhatAI/build/searchableOptions/qodana.jar/search/qodana.jar.searchableOptions.xml
2025-12-13 19:40:46,448 [  30414]   INFO - STDOUT - Output written to /Users/prabhatkumar/Desktop/PrabhatAI/build/searchableOptions/app.jar/search/app.jar.searchableOptions.xml
2025-12-13 19:40:46,454 [  30420]   INFO - STDOUT - Output written to /Users/prabhatkumar/Desktop/PrabhatAI/build/searchableOptions/completionMlRanking.jar/search/completionMlRanking.jar.searchableOptions.xml
2025-12-13 19:40:46,457 [  30423]   INFO - STDOUT - Output written to /Users/prabhatkumar/Desktop/PrabhatAI/build/searchableOptions/java-decompiler.jar/search/java-decompiler.jar.searchableOptions.xml
2025-12-13 19:40:46,459 [  30425]   INFO - STDOUT - Output written to /Users/prabhatkumar/Desktop/PrabhatAI/build/searchableOptions/vcs-hg.jar/search/vcs-hg.jar.searchableOptions.xml
2025-12-13 19:40:46,460 [  30426]   INFO - STDOUT - Output written to /Users/prabhatkumar/Desktop/PrabhatAI/build/searchableOptions/performanceTesting.jar/search/performanceTesting.jar.searchableOptions.xml
2025-12-13 19:40:46,462 [  30428]   INFO - STDOUT - Output written to /Users/prabhatkumar/Desktop/PrabhatAI/build/searchableOptions/vcs-gitlab.jar/search/vcs-gitlab.jar.searchableOptions.xml
2025-12-13 19:40:46,462 [  30428]   INFO - STDOUT - Output written to /Users/prabhatkumar/Desktop/PrabhatAI/build/searchableOptions/cwm-common.jar/search/cwm-common.jar.searchableOptions.xml
2025-12-13 19:40:46,464 [  30430]   INFO - STDOUT - Output written to /Users/prabhatkumar/Desktop/PrabhatAI/build/searchableOptions/java-i18n.jar/search/java-i18n.jar.searchableOptions.xml
2025-12-13 19:40:46,465 [  30431]   INFO - STDOUT - Output written to /Users/prabhatkumar/Desktop/PrabhatAI/build/searchableOptions/Groovy.jar!/search/Groovy.jar!.searchableOptions.xml
2025-12-13 19:40:46,465 [  30431]   INFO - STDOUT - Output written to /Users/prabhatkumar/Desktop/PrabhatAI/build/searchableOptions/emojipicker.jar/search/emojipicker.jar.searchableOptions.xml
2025-12-13 19:40:46,466 [  30432]   INFO - STDOUT - Output written to /Users/prabhatkumar/Desktop/PrabhatAI/build/searchableOptions/toml.jar/search/toml.jar.searchableOptions.xml
2025-12-13 19:40:46,466 [  30432]   INFO - STDOUT - Output written to /Users/prabhatkumar/Desktop/PrabhatAI/build/searchableOptions/platform-ijent-impl.jar/search/platform-ijent-impl.jar.searchableOptions.xml
2025-12-13 19:40:46,467 [  30433]   INFO - STDOUT - Output written to /Users/prabhatkumar/Desktop/PrabhatAI/build/searchableOptions/idea-junit.jar/search/idea-junit.jar.searchableOptions.xml
2025-12-13 19:40:46,468 [  30434]   INFO - STDOUT - Output written to /Users/prabhatkumar/Desktop/PrabhatAI/build/searchableOptions/yaml.jar/search/yaml.jar.searchableOptions.xml
2025-12-13 19:40:46,469 [  30435]   INFO - STDOUT - Output written to /Users/prabhatkumar/Desktop/PrabhatAI/build/searchableOptions/packageChecker.jar/search/packageChecker.jar.searchableOptions.xml
2025-12-13 19:40:46,470 [  30436]   INFO - STDOUT - Output written to /Users/prabhatkumar/Desktop/PrabhatAI/build/searchableOptions/platform-tracing-ide.jar/search/platform-tracing-ide.jar.searchableOptions.xml
2025-12-13 19:40:46,470 [  30436]   INFO - STDOUT - Output written to /Users/prabhatkumar/Desktop/PrabhatAI/build/searchableOptions/editorconfig.jar/search/editorconfig.jar.searchableOptions.xml
2025-12-13 19:40:46,471 [  30437]   INFO - STDOUT - Output written to /Users/prabhatkumar/Desktop/PrabhatAI/build/searchableOptions/vcs-github.jar/search/vcs-github.jar.searchableOptions.xml
2025-12-13 19:40:46,471 [  30437]   INFO - STDOUT - Output written to /Users/prabhatkumar/Desktop/PrabhatAI/build/searchableOptions/platform-langInjection.jar/search/platform-langInjection.jar.searchableOptions.xml
2025-12-13 19:40:46,472 [  30438]   INFO - STDOUT - Output written to /Users/prabhatkumar/Desktop/PrabhatAI/build/searchableOptions/platform-images.jar/search/platform-images.jar.searchableOptions.xml
2025-12-13 19:40:46,474 [  30440]   INFO - STDOUT - Output written to /Users/prabhatkumar/Desktop/PrabhatAI/build/searchableOptions/vcs-git.jar/search/vcs-git.jar.searchableOptions.xml
2025-12-13 19:40:46,476 [  30442]   INFO - STDOUT - Output written to /Users/prabhatkumar/Desktop/PrabhatAI/build/searchableOptions/kotlin-plugin.jar/search/kotlin-plugin.jar.searchableOptions.xml
2025-12-13 19:40:46,476 [  30442]   INFO - STDOUT - Output written to /Users/prabhatkumar/Desktop/PrabhatAI/build/searchableOptions/modules.jar/search/modules.jar.searchableOptions.xml
2025-12-13 19:40:46,477 [  30443]   INFO - STDOUT - Output written to /Users/prabhatkumar/Desktop/PrabhatAI/build/searchableOptions/indexing-shared.jar/search/indexing-shared.jar.searchableOptions.xml
2025-12-13 19:40:46,477 [  30443]   INFO - STDOUT - Output written to /Users/prabhatkumar/Desktop/PrabhatAI/build/searchableOptions/featuresTrainer.jar/search/featuresTrainer.jar.searchableOptions.xml
2025-12-13 19:40:46,478 [  30444]   INFO - STDOUT - Output written to /Users/prabhatkumar/Desktop/PrabhatAI/build/searchableOptions/kotlin-plugin.jar!/search/kotlin-plugin.jar!.searchableOptions.xml
2025-12-13 19:40:46,478 [  30444]   INFO - STDOUT - Output written to /Users/prabhatkumar/Desktop/PrabhatAI/build/searchableOptions/cwm-host.jar/search/cwm-host.jar.searchableOptions.xml
2025-12-13 19:40:46,479 [  30445]   INFO - STDOUT - Output written to /Users/prabhatkumar/Desktop/PrabhatAI/build/searchableOptions/gradle-java-maven.jar/search/gradle-java-maven.jar.searchableOptions.xml
2025-12-13 19:40:46,479 [  30445]   INFO - STDOUT - Output written to /Users/prabhatkumar/Desktop/PrabhatAI/build/searchableOptions/settingsSync.jar/search/settingsSync.jar.searchableOptions.xml
2025-12-13 19:40:46,479 [  30445]   INFO - STDOUT - Searchable options index builder completed
2025-12-13 19:40:46,484 [  30450]   INFO - #c.i.u.i.FileBasedIndexImpl - Index dispose started
2025-12-13 19:40:46,587 [  30553]   INFO - #c.i.p.s.StubIndexImpl - StubIndexExtension-s were unloaded
2025-12-13 19:40:46,591 [  30557]   INFO - #c.i.p.s.SerializationManagerImpl - Start shutting down /Users/prabhatkumar/Desktop/PrabhatAI/build/idea-sandbox/system/index/rep.names
2025-12-13 19:40:46,592 [  30558]   INFO - #c.i.p.s.SerializationManagerImpl - Finished shutting down /Users/prabhatkumar/Desktop/PrabhatAI/build/idea-sandbox/system/index/rep.names
2025-12-13 19:40:46,597 [  30563]   INFO - #c.i.u.i.FileBasedIndexImpl - Index dispose completed in 113ms.
2025-12-13 19:40:46,606 [  30572]   INFO - #c.i.o.v.n.p.PersistentFSImpl - VFS dispose started
2025-12-13 19:40:46,614 [  30580]   INFO - #c.i.o.v.n.p.PersistentFSImpl - VFS dispose completed in 8ms.
2025-12-13 19:40:46,655 [  30621]   INFO - #c.i.p.i.b.AppStarter - ------------------------------------------------------ IDE SHUTDOWN ------------------------------------------------------
